<?xml version="1.0" encoding="UTF-8"?>
<!-- Generated by org.testng.reporters.JUnitReportReporter -->
<testsuite skipped="0" hostname="Mamun79s-MBP.fios-router.home" name="com.qa.hubspot.tests.HomePageTest" tests="2" failures="0" timestamp="22 Jul 2019 19:27:23 GMT" time="28.158" errors="0">
  <testcase name="homePageTitleTest" time="13.945" classname="com.qa.hubspot.tests.HomePageTest"/>
  <testcase name="verifyHomePageHeaderTest" time="14.213" classname="com.qa.hubspot.tests.HomePageTest"/>
</testsuite> <!-- com.qa.hubspot.tests.HomePageTest -->
