<?xml version="1.0" encoding="UTF-8"?>
<!-- Generated by org.testng.reporters.JUnitReportReporter -->
<testsuite skipped="0" hostname="Mamun79s-MBP.fios-router.home" name="com.qa.hubspot.tests.LoginPageTest" tests="2" failures="0" timestamp="22 Jul 2019 19:27:23 GMT" time="21.915" errors="0">
  <testcase name="verifyLoginPageTitleTest" time="7.482" classname="com.qa.hubspot.tests.LoginPageTest"/>
  <testcase name="loginTest" time="14.433" classname="com.qa.hubspot.tests.LoginPageTest"/>
</testsuite> <!-- com.qa.hubspot.tests.LoginPageTest -->
